---------------------------------------------
OSHONSOFT PIC ASSEMBLER LISTING
Line    Address Opcode  Instruction
---------------------------------------------
0001    000000          
0002    000000          	ORG	0X46
0003    000046  0E00    	MOVLW	0X00
0004    000048  6E94    	MOVWF	TRISC
0005    00004A  0E30    	MOVLW	0X30
0006    00004C  6E82    	MOVWF 	PORTC, 0
0007    00004E  0000    	NOP
0008    000050  0E5B    	MOVLW 	0X5B
0009    000052  6E82    	MOVWF 	PORTC, 0
0010    000054  0000    	NOP
0011    000056  0E4F    	MOVLW 	0X4F
0012    000058  6E82    	MOVWF 	PORTC, 0
0013    00005A  0000    	NOP
0014    00005C  0E66    	MOVLW 	0X66
0015    00005E  6E82    	MOVWF 	PORTC, 0
0016    000060  0000    	NOP
0017    000062  0E6D    	MOVLW 	0X6D
0018    000064  6E82    	MOVWF 	PORTC, 0
0019    000066  0000    	NOP
0020    000068  0E7C    	MOVLW 	0X7C
0021    00006A  6E82    	MOVWF 	PORTC, 0
0022    00006C  0000    	NOP
0023    00006E  0E07    	MOVLW 	0X07
0024    000070  6E82    	MOVWF 	PORTC, 0
0025    000072  0000    	NOP
0026    000074  0E7F    	MOVLW 	0X7F
0027    000076  6E82    	MOVWF 	PORTC, 0
0028    000078  0000    	NOP
0029    00007A  0E67    	MOVLW 	0X67
0030    00007C  6E82    	MOVWF 	PORTC, 0
0031    00007E  0000    	NOP
0032    000080  0003    	SLEEP
---------------------------------------------
Number of errors = 0
